<?xml version="1.0" encoding="UTF-8"?>
<testsuite xmlns:xsi="http://www.w3.org/2001/XMLSchema-instance" xsi:schemaLocation="https://maven.apache.org/surefire/maven-surefire-plugin/xsd/surefire-test-report.xsd" name="runners.TestRunner" time="87.113" tests="12" errors="0" skipped="0" failures="0">
  <properties>
[...]
</properties>
  <testcase name="Given user open login page" classname="Scenario: User vist the site and enter invalid user name and correct password" time="0.012"/>
  <testcase name="When enter invalid user name and valid password and cick login" classname="Scenario: User vist the site and enter invalid user name and correct password" time="0"/>
  <testcase name="Scenario: User vist the site and enter invalid user name and correct password" classname="Scenario: User vist the site and enter invalid user name and correct password" time="0"/>
  <testcase name="Given user open login page" classname="Scenario: User vist the site and enter correct user name and invalid password" time="0"/>
  <testcase name="When enter valid user name and invalid password and cick login" classname="Scenario: User vist the site and enter correct user name and invalid password" time="0"/>
  <testcase name="Scenario: User vist the site and enter correct user name and invalid password" classname="Scenario: User vist the site and enter correct user name and invalid password" time="0"/>
  <testcase name="Given user open login page" classname="Scenario: User vist the site and enter invalid user name and invalid password" time="0"/>
  <testcase name="When enter invalid user name and invalid password and cick login" classname="Scenario: User vist the site and enter invalid user name and invalid password" time="0"/>
  <testcase name="Scenario: User vist the site and enter invalid user name and invalid password" classname="Scenario: User vist the site and enter invalid user name and invalid password" time="0"/>
  <testcase name="Given user open login page" classname="Scenario: User vist the site and enter valid user name and valid password" time="0"/>
  <testcase name="When enter valid user name and valid password and cick login" classname="Scenario: User vist the site and enter valid user name and valid password" time="0"/>
  <testcase name="Scenario: User vist the site and enter valid user name and valid password" classname="Scenario: User vist the site and enter valid user name and valid password" time="0"/>
</testsuite>